<?xml version="1.0" encoding="UTF-8"?>
<robot generator="Robot 4.1.3 (Python 3.9.5 on win32)" generated="20220318 17:45:57.590" rpa="false" schemaversion="2">
<suite id="s1" name="Training" source="C:\Users\skymap\Desktop\Robotframework-EOFactory\Training.robot">
<test id="s1-t1" name="Training Classification">
<kw name="Login To Page And Open Workspace" library="Login">
<kw name="Open Browser" library="Selenium2Library">
<arg>${LOGIN_URL}</arg>
<arg>chrome</arg>
<doc>Opens a new browser instance to the optional ``url``.</doc>
<msg timestamp="20220318 17:45:57.980" level="INFO">Opening browser 'chrome' to base url 'https://test.eofactory.ai:3443/signIn.html?redirect=http://localhost:8080/authentication?token='.</msg>
<status status="PASS" starttime="20220318 17:45:57.980" endtime="20220318 17:46:00.143"/>
</kw>
<kw name="Wait Until Element Is Visible" library="Selenium2Library">
<arg>${username}</arg>
<arg>5</arg>
<doc>Waits until the element ``locator`` is visible.</doc>
<status status="PASS" starttime="20220318 17:46:00.143" endtime="20220318 17:46:00.289"/>
</kw>
<kw name="Maximize Browser Window" library="Selenium2Library">
<doc>Maximizes current browser window.</doc>
<status status="PASS" starttime="20220318 17:46:00.289" endtime="20220318 17:46:00.420"/>
</kw>
<kw name="Input Text" library="Selenium2Library">
<arg>${username}</arg>
<arg>${USER_EMAIL}</arg>
<doc>Types the given ``text`` into the text field identified by ``locator``.</doc>
<msg timestamp="20220318 17:46:00.421" level="INFO">Typing text 'minhngoccnter@gmail.com' into text field 'id:email'.</msg>
<status status="PASS" starttime="20220318 17:46:00.421" endtime="20220318 17:46:00.726"/>
</kw>
<kw name="Input Text" library="Selenium2Library">
<arg>${password}</arg>
<arg>${USER_PASSWORD}</arg>
<doc>Types the given ``text`` into the text field identified by ``locator``.</doc>
<msg timestamp="20220318 17:46:00.727" level="INFO">Typing text 'admin' into text field 'id:password'.</msg>
<status status="PASS" starttime="20220318 17:46:00.727" endtime="20220318 17:46:00.903"/>
</kw>
<kw name="Click Button" library="Selenium2Library">
<arg>${btn}</arg>
<doc>Clicks the button identified by ``locator``.</doc>
<msg timestamp="20220318 17:46:00.903" level="INFO">Clicking button 'id:login'.</msg>
<status status="PASS" starttime="20220318 17:46:00.903" endtime="20220318 17:46:01.031"/>
</kw>
<kw name="Open Workspace" library="Login">
<kw name="Wait Until Element Is Visible" library="Selenium2Library">
<arg>${wks}</arg>
<arg>10</arg>
<doc>Waits until the element ``locator`` is visible.</doc>
<status status="PASS" starttime="20220318 17:46:01.032" endtime="20220318 17:46:07.984"/>
</kw>
<kw name="Click Element" library="Selenium2Library">
<arg>${wks}</arg>
<doc>Click the element identified by ``locator``.</doc>
<msg timestamp="20220318 17:46:07.985" level="INFO">Clicking element 'id:workspace_recent_workShare_item_0'.</msg>
<status status="PASS" starttime="20220318 17:46:07.985" endtime="20220318 17:46:08.068"/>
</kw>
<status status="PASS" starttime="20220318 17:46:01.031" endtime="20220318 17:46:08.068"/>
</kw>
<status status="PASS" starttime="20220318 17:45:57.980" endtime="20220318 17:46:08.068"/>
</kw>
<kw name="Go to Training" library="Page">
<kw name="Wait Until Element Is Visible" library="Selenium2Library">
<arg>${training_btn}</arg>
<doc>Waits until the element ``locator`` is visible.</doc>
<status status="PASS" starttime="20220318 17:46:08.069" endtime="20220318 17:46:13.853"/>
</kw>
<kw name="Click Button" library="Selenium2Library">
<arg>${training_btn}</arg>
<doc>Clicks the button identified by ``locator``.</doc>
<msg timestamp="20220318 17:46:13.854" level="INFO">Clicking button 'id:map-introduction-4'.</msg>
<status status="PASS" starttime="20220318 17:46:13.853" endtime="20220318 17:46:14.680"/>
</kw>
<status status="PASS" starttime="20220318 17:46:08.069" endtime="20220318 17:46:14.680"/>
</kw>
<kw name="Type Training input" library="Page">
<arg>${ten}</arg>
<arg>${type}</arg>
<kw name="Input Text" library="Selenium2Library">
<arg>${model_name}</arg>
<arg>${name}</arg>
<doc>Types the given ``text`` into the text field identified by ``locator``.</doc>
<msg timestamp="20220318 17:46:14.682" level="INFO">Typing text 'model_1' into text field 'id:model_name'.</msg>
<status status="PASS" starttime="20220318 17:46:14.681" endtime="20220318 17:46:15.172"/>
</kw>
<kw name="Press Keys" library="Selenium2Library">
<arg>${training_type}</arg>
<arg>${type}\n</arg>
<doc>Simulates the user pressing key(s) to an element or on the active browser.</doc>
<msg timestamp="20220318 17:46:15.174" level="INFO">Sending key(s) ('classification\n',) to id:training_typeSelector element.</msg>
<msg timestamp="20220318 17:46:15.605" level="INFO">Sending keys classification
</msg>
<status status="PASS" starttime="20220318 17:46:15.172" endtime="20220318 17:46:15.932"/>
</kw>
<kw name="Click Button" library="Selenium2Library">
<arg>${continue_training_input}</arg>
<doc>Clicks the button identified by ``locator``.</doc>
<msg timestamp="20220318 17:46:15.933" level="INFO">Clicking button 'id:continue_training_input'.</msg>
<status status="PASS" starttime="20220318 17:46:15.933" endtime="20220318 17:46:16.100"/>
</kw>
<status status="PASS" starttime="20220318 17:46:14.681" endtime="20220318 17:46:16.100"/>
</kw>
<kw name="Select Image" library="Page">
<arg>${image}</arg>
<kw name="Sleep" library="BuiltIn">
<arg>0.5</arg>
<doc>Pauses the test executed for the given time.</doc>
<msg timestamp="20220318 17:46:16.606" level="INFO">Slept 500 milliseconds</msg>
<status status="PASS" starttime="20220318 17:46:16.101" endtime="20220318 17:46:16.606"/>
</kw>
<kw name="Click Element" library="Selenium2Library">
<arg>${image_selector}</arg>
<doc>Click the element identified by ``locator``.</doc>
<msg timestamp="20220318 17:46:16.606" level="INFO">Clicking element 'id:training_image'.</msg>
<status status="PASS" starttime="20220318 17:46:16.606" endtime="20220318 17:46:17.029"/>
</kw>
<kw name="Wait Until Element Is Visible" library="Selenium2Library">
<arg>${search}</arg>
<doc>Waits until the element ``locator`` is visible.</doc>
<status status="PASS" starttime="20220318 17:46:17.029" endtime="20220318 17:46:17.298"/>
</kw>
<kw name="Input Text" library="Selenium2Library">
<arg>${search}</arg>
<arg>${image}</arg>
<doc>Types the given ``text`` into the text field identified by ``locator``.</doc>
<msg timestamp="20220318 17:46:17.299" level="INFO">Typing text 'road_image' into text field 'id:training_image_imageSelector_searchInput'.</msg>
<status status="PASS" starttime="20220318 17:46:17.299" endtime="20220318 17:46:17.885"/>
</kw>
<kw name="Click Element" library="Selenium2Library">
<arg>id:${image}</arg>
<doc>Click the element identified by ``locator``.</doc>
<msg timestamp="20220318 17:46:17.885" level="INFO">Clicking element 'id:road_image'.</msg>
<status status="PASS" starttime="20220318 17:46:17.885" endtime="20220318 17:46:18.156"/>
</kw>
<kw name="Click Button" library="Selenium2Library">
<arg>${continue_select_image}</arg>
<doc>Clicks the button identified by ``locator``.</doc>
<msg timestamp="20220318 17:46:18.157" level="INFO">Clicking button 'id:continue_select_image'.</msg>
<status status="PASS" starttime="20220318 17:46:18.156" endtime="20220318 17:46:18.323"/>
</kw>
<status status="PASS" starttime="20220318 17:46:16.100" endtime="20220318 17:46:18.323"/>
</kw>
<kw name="Select Destination Folder" library="Page">
<kw name="Wait Until Element Is Visible" library="Selenium2Library">
<arg>${continue_select_folder}</arg>
<doc>Waits until the element ``locator`` is visible.</doc>
<status status="PASS" starttime="20220318 17:46:18.324" endtime="20220318 17:46:18.972"/>
</kw>
<kw name="Click Button" library="Selenium2Library">
<arg>${continue_select_folder}</arg>
<doc>Clicks the button identified by ``locator``.</doc>
<msg timestamp="20220318 17:46:18.973" level="INFO">Clicking button 'id:continue_select_folder'.</msg>
<status status="PASS" starttime="20220318 17:46:18.972" endtime="20220318 17:46:19.130"/>
</kw>
<status status="PASS" starttime="20220318 17:46:18.324" endtime="20220318 17:46:19.130"/>
</kw>
<kw name="Training Dataset" library="Page">
<arg>${area_layer}</arg>
<arg>${class_layer}</arg>
<kw name="Sleep" library="BuiltIn">
<arg>1</arg>
<doc>Pauses the test executed for the given time.</doc>
<msg timestamp="20220318 17:46:20.136" level="INFO">Slept 1 second</msg>
<status status="PASS" starttime="20220318 17:46:19.131" endtime="20220318 17:46:20.136"/>
</kw>
<kw name="Click Button" library="Selenium2Library">
<arg>//*[@id="training_area"]/div/div/div/div[1]/div/div/button</arg>
<doc>Clicks the button identified by ``locator``.</doc>
<msg timestamp="20220318 17:46:20.136" level="INFO">Clicking button '//*[@id="training_area"]/div/div/div/div[1]/div/div/button'.</msg>
<status status="PASS" starttime="20220318 17:46:20.136" endtime="20220318 17:46:20.333"/>
</kw>
<kw name="Click Element" library="Selenium2Library">
<arg>//*[@id="app"]/div[7]/div/div/div[2]/div[2]/div/div/div/div[3]/div/div</arg>
<doc>Click the element identified by ``locator``.</doc>
<msg timestamp="20220318 17:46:20.333" level="INFO">Clicking element '//*[@id="app"]/div[7]/div/div/div[2]/div[2]/div/div/div/div[3]/div/div'.</msg>
<status status="PASS" starttime="20220318 17:46:20.333" endtime="20220318 17:46:20.517"/>
</kw>
<kw name="Press Keys" library="Selenium2Library">
<arg>${aoi_list}</arg>
<arg>${area_layer}\n</arg>
<doc>Simulates the user pressing key(s) to an element or on the active browser.</doc>
<msg timestamp="20220318 17:46:20.518" level="INFO">Sending key(s) ('area\n',) to id:aois_list element.</msg>
<msg timestamp="20220318 17:46:20.874" level="INFO">Sending keys area
</msg>
<status status="PASS" starttime="20220318 17:46:20.517" endtime="20220318 17:46:20.999"/>
</kw>
<kw name="Click Button" library="Selenium2Library">
<arg>${create_area_layer_btn}</arg>
<doc>Clicks the button identified by ``locator``.</doc>
<msg timestamp="20220318 17:46:21.000" level="INFO">Clicking button 'id:create_layer_training'.</msg>
<status status="PASS" starttime="20220318 17:46:20.999" endtime="20220318 17:46:21.432"/>
</kw>
<kw name="Click Button" library="Selenium2Library">
<arg>//*[@id="training_class_1"]/div/div/div/div[1]/div/div/button</arg>
<doc>Clicks the button identified by ``locator``.</doc>
<msg timestamp="20220318 17:46:21.432" level="INFO">Clicking button '//*[@id="training_class_1"]/div/div/div/div[1]/div/div/button'.</msg>
<status status="PASS" starttime="20220318 17:46:21.432" endtime="20220318 17:46:22.036"/>
</kw>
<kw name="Click Element" library="Selenium2Library">
<arg>//*[@id="app"]/div[10]/div/div/div[2]/div[2]/div/div/div/div[3]/div/div</arg>
<doc>Click the element identified by ``locator``.</doc>
<msg timestamp="20220318 17:46:22.037" level="INFO">Clicking element '//*[@id="app"]/div[10]/div/div/div[2]/div[2]/div/div/div/div[3]/div/div'.</msg>
<status status="PASS" starttime="20220318 17:46:22.036" endtime="20220318 17:46:22.435"/>
</kw>
<kw name="Press Keys" library="Selenium2Library">
<arg>${aoi_list}</arg>
<arg>${class_layer}\n</arg>
<doc>Simulates the user pressing key(s) to an element or on the active browser.</doc>
<msg timestamp="20220318 17:46:22.436" level="INFO">Sending key(s) ('road\n',) to id:aois_list element.</msg>
<kw name="Capture Page Screenshot" library="Selenium2Library">
<doc>Takes a screenshot of the current page and embeds it into a log file.</doc>
<msg timestamp="20220318 17:46:22.818" level="INFO" html="true">&lt;/td&gt;&lt;/tr&gt;&lt;tr&gt;&lt;td colspan="3"&gt;&lt;a href="selenium-screenshot-33.png"&gt;&lt;img src="selenium-screenshot-33.png" width="800px"&gt;&lt;/a&gt;</msg>
<status status="PASS" starttime="20220318 17:46:22.507" endtime="20220318 17:46:22.818"/>
</kw>
<msg timestamp="20220318 17:46:22.833" level="FAIL">ElementNotInteractableException: Message: element not interactable: [object HTMLInputElement] has no size and location
  (Session info: chrome=97.0.4692.0)
Stacktrace:
Backtrace:
	Ordinal0 [0x0114FDC3+2555331]
	Ordinal0 [0x010E77F1+2127857]
	Ordinal0 [0x00FE2E08+1060360]
	Ordinal0 [0x00FE5524+1070372]
	Ordinal0 [0x00FE53EE+1070062]
	Ordinal0 [0x00FE5650+1070672]
	Ordinal0 [0x01013DCF+1261007]
	Ordinal0 [0x01013486+1258630]
	Ordinal0 [0x0103E69E+1435294]
	Ordinal0 [0x01027B0C+1342220]
	Ordinal0 [0x010375FA+1406458]
	Ordinal0 [0x01027976+1341814]
	Ordinal0 [0x010036B6+1193654]
	Ordinal0 [0x01004546+1197382]
	GetHandleVerifier [0x012E9622+1619522]
	GetHandleVerifier [0x0139882C+2336844]
	GetHandleVerifier [0x011E23E1+541697]
	GetHandleVerifier [0x011E1443+537699]
	Ordinal0 [0x010ED18E+2150798]
	Ordinal0 [0x010F1518+2168088]
	Ordinal0 [0x010F1660+2168416]
	Ordinal0 [0x010FB330+2208560]
	BaseThreadInitThunk [0x7609FA29+25]
	RtlGetAppContainerNamedObjectPath [0x77007A9E+286]
	RtlGetAppContainerNamedObjectPath [0x77007A6E+238]
</msg>
<status status="FAIL" starttime="20220318 17:46:22.435" endtime="20220318 17:46:22.833"/>
</kw>
<kw name="Click Button" library="Selenium2Library">
<arg>${create_area_layer_btn}</arg>
<doc>Clicks the button identified by ``locator``.</doc>
<status status="NOT RUN" starttime="20220318 17:46:22.833" endtime="20220318 17:46:22.833"/>
</kw>
<status status="FAIL" starttime="20220318 17:46:19.131" endtime="20220318 17:46:22.834"/>
</kw>
<kw name="Close Browser" library="Selenium2Library" type="TEARDOWN">
<doc>Closes the current browser.</doc>
<status status="PASS" starttime="20220318 17:46:22.835" endtime="20220318 17:46:25.153"/>
</kw>
<status status="FAIL" starttime="20220318 17:45:57.980" endtime="20220318 17:46:25.153">ElementNotInteractableException: Message: element not interactable: [object HTMLInputElement] has no size and location
  (Session info: chrome=97.0.4692.0)
Stacktrace:
Backtrace:
	Ordinal0 [0x0114FDC3+2555331]
	Ordinal0 [0x010E77F1+2127857]
	Ordinal0 [0x00FE2E08+1060360]
	Ordinal0 [0x00FE5524+1070372]
	Ordinal0 [0x00FE53EE+1070062]
	Ordinal0 [0x00FE5650+1070672]
	Ordinal0 [0x01013DCF+1261007]
	Ordinal0 [0x01013486+1258630]
	Ordinal0 [0x0103E69E+1435294]
	Ordinal0 [0x01027B0C+1342220]
	Ordinal0 [0x010375FA+1406458]
	Ordinal0 [0x01027976+1341814]
	Ordinal0 [0x010036B6+1193654]
	Ordinal0 [0x01004546+1197382]
	GetHandleVerifier [0x012E9622+1619522]
	GetHandleVerifier [0x0139882C+2336844]
	GetHandleVerifier [0x011E23E1+541697]
	GetHandleVerifier [0x011E1443+537699]
	Ordinal0 [0x010ED18E+2150798]
	Ordinal0 [0x010F1518+2168088]
	Ordinal0 [0x010F1660+2168416]
	Ordinal0 [0x010FB330+2208560]
	BaseThreadInitThunk [0x7609FA29+25]
	RtlGetAppContainerNamedObjectPath [0x77007A9E+286]
	RtlGetAppContainerNamedObjectPath [0x77007A6E+238]
</status>
</test>
<status status="FAIL" starttime="20220318 17:45:57.590" endtime="20220318 17:46:25.153"/>
</suite>
<statistics>
<total>
<stat pass="0" fail="1" skip="0">All Tests</stat>
</total>
<tag>
</tag>
<suite>
<stat pass="0" fail="1" skip="0" id="s1" name="Training">Training</stat>
</suite>
</statistics>
<errors>
</errors>
</robot>
