<?xml version="1.0" encoding="UTF-8"?>
<robot generator="Robot 4.1.3 (Python 3.9.5 on win32)" generated="20220315 17:40:55.326" rpa="false" schemaversion="2">
<suite id="s1" name="3-Isodata" source="C:\Users\skymap\Desktop\Robotframework-EOFactory\3-Isodata.robot">
<test id="s1-t1" name="IsodataTool">
<kw name="Login To Page And Open Workspace" library="Login">
<kw name="Open Browser" library="Selenium2Library">
<arg>${LOGIN_URL}</arg>
<arg>chrome</arg>
<doc>Opens a new browser instance to the optional ``url``.</doc>
<msg timestamp="20220315 17:40:55.705" level="INFO">Opening browser 'chrome' to base url 'https://test.eofactory.ai:3443/signIn.html?redirect=http://localhost:8080/authentication?token='.</msg>
<status status="PASS" starttime="20220315 17:40:55.705" endtime="20220315 17:40:57.702"/>
</kw>
<kw name="Wait Until Element Is Visible" library="Selenium2Library">
<arg>${username}</arg>
<arg>5</arg>
<doc>Waits until the element ``locator`` is visible.</doc>
<status status="PASS" starttime="20220315 17:40:57.702" endtime="20220315 17:40:57.859"/>
</kw>
<kw name="Maximize Browser Window" library="Selenium2Library">
<doc>Maximizes current browser window.</doc>
<status status="PASS" starttime="20220315 17:40:57.859" endtime="20220315 17:40:57.984"/>
</kw>
<kw name="Input Text" library="Selenium2Library">
<arg>${username}</arg>
<arg>${USER_EMAIL}</arg>
<doc>Types the given ``text`` into the text field identified by ``locator``.</doc>
<msg timestamp="20220315 17:40:57.984" level="INFO">Typing text 'minhngoccnter@gmail.com' into text field 'id:email'.</msg>
<status status="PASS" starttime="20220315 17:40:57.984" endtime="20220315 17:40:58.292"/>
</kw>
<kw name="Input Text" library="Selenium2Library">
<arg>${password}</arg>
<arg>${USER_PASSWORD}</arg>
<doc>Types the given ``text`` into the text field identified by ``locator``.</doc>
<msg timestamp="20220315 17:40:58.293" level="INFO">Typing text 'admin' into text field 'id:password'.</msg>
<status status="PASS" starttime="20220315 17:40:58.292" endtime="20220315 17:40:58.498"/>
</kw>
<kw name="Click Button" library="Selenium2Library">
<arg>${btn}</arg>
<doc>Clicks the button identified by ``locator``.</doc>
<msg timestamp="20220315 17:40:58.498" level="INFO">Clicking button 'id:login'.</msg>
<status status="PASS" starttime="20220315 17:40:58.498" endtime="20220315 17:40:58.606"/>
</kw>
<kw name="Open Workspace" library="Login">
<kw name="Wait Until Element Is Visible" library="Selenium2Library">
<arg>${wks}</arg>
<arg>10</arg>
<doc>Waits until the element ``locator`` is visible.</doc>
<status status="PASS" starttime="20220315 17:40:58.607" endtime="20220315 17:41:04.906"/>
</kw>
<kw name="Click Element" library="Selenium2Library">
<arg>${wks}</arg>
<doc>Click the element identified by ``locator``.</doc>
<msg timestamp="20220315 17:41:04.907" level="INFO">Clicking element 'id:workspace_recent_workShare_item_0'.</msg>
<status status="PASS" starttime="20220315 17:41:04.906" endtime="20220315 17:41:04.996"/>
</kw>
<status status="PASS" starttime="20220315 17:40:58.606" endtime="20220315 17:41:04.997"/>
</kw>
<status status="PASS" starttime="20220315 17:40:55.704" endtime="20220315 17:41:04.997"/>
</kw>
<kw name="Click Map Menu" library="Pages">
<kw name="Wait Until Element Is Visible" library="Selenium2Library">
<arg>${map_menu}</arg>
<arg>10</arg>
<doc>Waits until the element ``locator`` is visible.</doc>
<status status="PASS" starttime="20220315 17:41:04.998" endtime="20220315 17:41:10.526"/>
</kw>
<kw name="Click Element" library="Selenium2Library">
<arg>${map_menu}</arg>
<doc>Click the element identified by ``locator``.</doc>
<msg timestamp="20220315 17:41:10.526" level="INFO">Clicking element 'id:introduction-Maps'.</msg>
<status status="PASS" starttime="20220315 17:41:10.526" endtime="20220315 17:41:10.793"/>
</kw>
<status status="PASS" starttime="20220315 17:41:04.998" endtime="20220315 17:41:10.793"/>
</kw>
<kw name="Click Tools Toolbar" library="Pages">
<kw name="Wait Until Element Is Visible" library="Selenium2Library">
<arg>${toolbar_button}</arg>
<arg>5</arg>
<doc>Waits until the element ``locator`` is visible.</doc>
<status status="PASS" starttime="20220315 17:41:10.794" endtime="20220315 17:41:11.083"/>
</kw>
<kw name="Click Button" library="Selenium2Library">
<arg>${toolbar_button}</arg>
<doc>Clicks the button identified by ``locator``.</doc>
<msg timestamp="20220315 17:41:11.084" level="INFO">Clicking button 'id:map_snackBar_ardButton'.</msg>
<status status="PASS" starttime="20220315 17:41:11.083" endtime="20220315 17:41:11.342"/>
</kw>
<status status="PASS" starttime="20220315 17:41:10.794" endtime="20220315 17:41:11.342"/>
</kw>
<kw name="Select Unsupervised Toolkit" library="Pages">
<kw name="Click Element" library="Selenium2Library">
<arg>${toolkit_typeSelector}</arg>
<doc>Click the element identified by ``locator``.</doc>
<msg timestamp="20220315 17:41:11.343" level="INFO">Clicking element 'class:mapview_toolkit_typeSelector'.</msg>
<status status="PASS" starttime="20220315 17:41:11.343" endtime="20220315 17:41:11.566"/>
</kw>
<kw name="Click Element" library="Selenium2Library">
<arg>${unsupervised}</arg>
<doc>Click the element identified by ``locator``.</doc>
<msg timestamp="20220315 17:41:11.567" level="INFO">Clicking element 'id:unsupervised'.</msg>
<status status="PASS" starttime="20220315 17:41:11.567" endtime="20220315 17:41:11.801"/>
</kw>
<status status="PASS" starttime="20220315 17:41:11.342" endtime="20220315 17:41:11.802"/>
</kw>
<kw name="Select Tool" library="Pages">
<arg>${isodata}</arg>
<kw name="Wait Until Element Is Visible" library="Selenium2Library">
<arg>${type_selector}</arg>
<arg>5</arg>
<doc>Waits until the element ``locator`` is visible.</doc>
<status status="PASS" starttime="20220315 17:41:11.803" endtime="20220315 17:41:11.888"/>
</kw>
<kw name="Click Element" library="Selenium2Library">
<arg>${type_selector}</arg>
<doc>Click the element identified by ``locator``.</doc>
<msg timestamp="20220315 17:41:11.889" level="INFO">Clicking element 'class:unsupervisedTool_typeSelector'.</msg>
<status status="PASS" starttime="20220315 17:41:11.888" endtime="20220315 17:41:12.035"/>
</kw>
<kw name="Sleep" library="BuiltIn">
<arg>1</arg>
<doc>Pauses the test executed for the given time.</doc>
<msg timestamp="20220315 17:41:13.040" level="INFO">Slept 1 second</msg>
<status status="PASS" starttime="20220315 17:41:12.035" endtime="20220315 17:41:13.040"/>
</kw>
<kw name="Click Element" library="Selenium2Library">
<arg>${type}</arg>
<doc>Click the element identified by ``locator``.</doc>
<msg timestamp="20220315 17:41:13.040" level="INFO">Clicking element 'id:unsupervisedTools_typeList_isodata'.</msg>
<status status="PASS" starttime="20220315 17:41:13.040" endtime="20220315 17:41:13.254"/>
</kw>
<status status="PASS" starttime="20220315 17:41:11.802" endtime="20220315 17:41:13.254"/>
</kw>
<kw name="Type Name" library="Pages">
<arg>${name}</arg>
<kw name="Input Text" library="Selenium2Library">
<arg>${name_of_result}</arg>
<arg>${result_name}</arg>
<doc>Types the given ``text`` into the text field identified by ``locator``.</doc>
<msg timestamp="20220315 17:41:13.256" level="INFO">Typing text 'isodata_result' into text field 'id:unsupervisedTools_nameInput'.</msg>
<status status="PASS" starttime="20220315 17:41:13.255" endtime="20220315 17:41:13.598"/>
</kw>
<status status="PASS" starttime="20220315 17:41:13.254" endtime="20220315 17:41:13.599"/>
</kw>
<kw name="Select Image" library="Pages">
<arg>isodata</arg>
<arg>${image}</arg>
<kw name="Click Element" library="Selenium2Library">
<arg>//*[@id="unsupervisedtools_${type}_image"]/div/div/div[1]</arg>
<doc>Click the element identified by ``locator``.</doc>
<msg timestamp="20220315 17:41:13.601" level="INFO">Clicking element '//*[@id="unsupervisedtools_isodata_image"]/div/div/div[1]'.</msg>
<status status="PASS" starttime="20220315 17:41:13.601" endtime="20220315 17:41:13.927"/>
</kw>
<kw name="Input Text" library="Selenium2Library">
<arg>id:unsupervisedtools_${type}_image_imageSelector_searchInput</arg>
<arg>${image_name}</arg>
<doc>Types the given ``text`` into the text field identified by ``locator``.</doc>
<msg timestamp="20220315 17:41:13.928" level="INFO">Typing text 'unsupervised_image' into text field 'id:unsupervisedtools_isodata_image_imageSelector_searchInput'.</msg>
<status status="PASS" starttime="20220315 17:41:13.927" endtime="20220315 17:41:15.082"/>
</kw>
<kw name="Click Element" library="Selenium2Library">
<arg>id:${image_name}</arg>
<doc>Click the element identified by ``locator``.</doc>
<msg timestamp="20220315 17:41:15.083" level="INFO">Clicking element 'id:unsupervised_image'.</msg>
<status status="PASS" starttime="20220315 17:41:15.082" endtime="20220315 17:41:15.313"/>
</kw>
<status status="PASS" starttime="20220315 17:41:13.599" endtime="20220315 17:41:15.313"/>
</kw>
<kw name="Type Number of Clusters Desired">
<arg>16</arg>
<kw name="Press Keys" library="Selenium2Library">
<arg>${number_of_clusters_desired}</arg>
<arg>CONTROL+A+DELETE</arg>
<doc>Simulates the user pressing key(s) to an element or on the active browser.</doc>
<msg timestamp="20220315 17:41:15.315" level="INFO">Sending key(s) ('CONTROL+A+DELETE',) to id:unsupervisedtools_isodata_number_of_clusters_desired element.</msg>
<msg timestamp="20220315 17:41:15.682" level="INFO">Pressing special key CONTROL down.</msg>
<msg timestamp="20220315 17:41:15.682" level="INFO">Sending key A</msg>
<msg timestamp="20220315 17:41:15.682" level="INFO">Pressing special key DELETE down.</msg>
<msg timestamp="20220315 17:41:15.682" level="INFO">Releasing special key CONTROL.</msg>
<msg timestamp="20220315 17:41:15.682" level="INFO">Releasing special key DELETE.</msg>
<status status="PASS" starttime="20220315 17:41:15.314" endtime="20220315 17:41:15.746"/>
</kw>
<kw name="Input Text" library="Selenium2Library">
<arg>${number_of_clusters_desired}</arg>
<arg>${clusters}</arg>
<doc>Types the given ``text`` into the text field identified by ``locator``.</doc>
<msg timestamp="20220315 17:41:15.747" level="INFO">Typing text '16' into text field 'id:unsupervisedtools_isodata_number_of_clusters_desired'.</msg>
<status status="PASS" starttime="20220315 17:41:15.746" endtime="20220315 17:41:15.977"/>
</kw>
<status status="PASS" starttime="20220315 17:41:15.314" endtime="20220315 17:41:15.977"/>
</kw>
<kw name="Type Minimum Number of Clusters">
<arg>16</arg>
<kw name="Press Keys" library="Selenium2Library">
<arg>${mimnimum_number_of_clusters}</arg>
<arg>CONTROL+A+DELETE</arg>
<doc>Simulates the user pressing key(s) to an element or on the active browser.</doc>
<msg timestamp="20220315 17:41:15.979" level="INFO">Sending key(s) ('CONTROL+A+DELETE',) to id:unsupervisedtools_isodata_minimum_number_of_clusters element.</msg>
<msg timestamp="20220315 17:41:16.326" level="INFO">Pressing special key CONTROL down.</msg>
<msg timestamp="20220315 17:41:16.326" level="INFO">Sending key A</msg>
<msg timestamp="20220315 17:41:16.326" level="INFO">Pressing special key DELETE down.</msg>
<msg timestamp="20220315 17:41:16.326" level="INFO">Releasing special key CONTROL.</msg>
<msg timestamp="20220315 17:41:16.326" level="INFO">Releasing special key DELETE.</msg>
<status status="PASS" starttime="20220315 17:41:15.978" endtime="20220315 17:41:16.409"/>
</kw>
<kw name="Input Text" library="Selenium2Library">
<arg>${mimnimum_number_of_clusters}</arg>
<arg>${number}</arg>
<doc>Types the given ``text`` into the text field identified by ``locator``.</doc>
<msg timestamp="20220315 17:41:16.410" level="INFO">Typing text '16' into text field 'id:unsupervisedtools_isodata_minimum_number_of_clusters'.</msg>
<status status="PASS" starttime="20220315 17:41:16.409" endtime="20220315 17:41:16.658"/>
</kw>
<status status="PASS" starttime="20220315 17:41:15.977" endtime="20220315 17:41:16.658"/>
</kw>
<kw name="Type Maximum Number of Clusters">
<arg>20</arg>
<kw name="Press Keys" library="Selenium2Library">
<arg>${maximum_number_of_clusters}</arg>
<arg>CONTROL+A+DELETE</arg>
<doc>Simulates the user pressing key(s) to an element or on the active browser.</doc>
<msg timestamp="20220315 17:41:16.660" level="INFO">Sending key(s) ('CONTROL+A+DELETE',) to id:unsupervisedtools_isodata_maximum_number_of_clusters element.</msg>
<msg timestamp="20220315 17:41:16.990" level="INFO">Pressing special key CONTROL down.</msg>
<msg timestamp="20220315 17:41:16.990" level="INFO">Sending key A</msg>
<msg timestamp="20220315 17:41:16.990" level="INFO">Pressing special key DELETE down.</msg>
<msg timestamp="20220315 17:41:16.990" level="INFO">Releasing special key CONTROL.</msg>
<msg timestamp="20220315 17:41:16.990" level="INFO">Releasing special key DELETE.</msg>
<status status="PASS" starttime="20220315 17:41:16.659" endtime="20220315 17:41:17.047"/>
</kw>
<kw name="Input Text" library="Selenium2Library">
<arg>${maximum_number_of_clusters}</arg>
<arg>${value}</arg>
<doc>Types the given ``text`` into the text field identified by ``locator``.</doc>
<msg timestamp="20220315 17:41:17.048" level="INFO">Typing text '20' into text field 'id:unsupervisedtools_isodata_maximum_number_of_clusters'.</msg>
<status status="PASS" starttime="20220315 17:41:17.047" endtime="20220315 17:41:17.304"/>
</kw>
<kw name="Press Keys" library="Selenium2Library">
<arg>None</arg>
<arg>TAB</arg>
<doc>Simulates the user pressing key(s) to an element or on the active browser.</doc>
<msg timestamp="20220315 17:41:17.305" level="INFO">Sending key(s) ('TAB',) to page.</msg>
<msg timestamp="20220315 17:41:17.305" level="INFO">Pressing special key TAB to browser.</msg>
<msg timestamp="20220315 17:41:17.305" level="INFO">Releasing special key TAB.</msg>
<status status="PASS" starttime="20220315 17:41:17.305" endtime="20220315 17:41:17.345"/>
</kw>
<status status="PASS" starttime="20220315 17:41:16.659" endtime="20220315 17:41:17.345"/>
</kw>
<kw name="Type Maximum Number of Iterations">
<arg>20</arg>
<kw name="Press Keys" library="Selenium2Library">
<arg>${maximum_number_of_iterations}</arg>
<arg>CONTROL+A+DELETE</arg>
<doc>Simulates the user pressing key(s) to an element or on the active browser.</doc>
<msg timestamp="20220315 17:41:17.347" level="INFO">Sending key(s) ('CONTROL+A+DELETE',) to id:unsupervisedtools_isodata_maximum_number_of_iterations element.</msg>
<msg timestamp="20220315 17:41:17.661" level="INFO">Pressing special key CONTROL down.</msg>
<msg timestamp="20220315 17:41:17.661" level="INFO">Sending key A</msg>
<msg timestamp="20220315 17:41:17.661" level="INFO">Pressing special key DELETE down.</msg>
<msg timestamp="20220315 17:41:17.661" level="INFO">Releasing special key CONTROL.</msg>
<msg timestamp="20220315 17:41:17.661" level="INFO">Releasing special key DELETE.</msg>
<status status="PASS" starttime="20220315 17:41:17.346" endtime="20220315 17:41:17.715"/>
</kw>
<kw name="Input Text" library="Selenium2Library">
<arg>${maximum_number_of_iterations}</arg>
<arg>${value}</arg>
<doc>Types the given ``text`` into the text field identified by ``locator``.</doc>
<msg timestamp="20220315 17:41:17.716" level="INFO">Typing text '20' into text field 'id:unsupervisedtools_isodata_maximum_number_of_iterations'.</msg>
<status status="PASS" starttime="20220315 17:41:17.715" endtime="20220315 17:41:17.918"/>
</kw>
<kw name="Press Keys" library="Selenium2Library">
<arg>None</arg>
<arg>TAB</arg>
<doc>Simulates the user pressing key(s) to an element or on the active browser.</doc>
<msg timestamp="20220315 17:41:17.918" level="INFO">Sending key(s) ('TAB',) to page.</msg>
<msg timestamp="20220315 17:41:17.918" level="INFO">Pressing special key TAB to browser.</msg>
<msg timestamp="20220315 17:41:17.918" level="INFO">Releasing special key TAB.</msg>
<status status="PASS" starttime="20220315 17:41:17.918" endtime="20220315 17:41:17.947"/>
</kw>
<status status="PASS" starttime="20220315 17:41:17.345" endtime="20220315 17:41:17.947"/>
</kw>
<kw name="Type Movement Threshold">
<arg>0.02</arg>
<kw name="Press Keys" library="Selenium2Library">
<arg>${movement_threshold}</arg>
<arg>CONTROL+A+DELETE</arg>
<doc>Simulates the user pressing key(s) to an element or on the active browser.</doc>
<msg timestamp="20220315 17:41:17.949" level="INFO">Sending key(s) ('CONTROL+A+DELETE',) to id:unsupervisedtools_isodata_movement_threshold element.</msg>
<msg timestamp="20220315 17:41:18.277" level="INFO">Pressing special key CONTROL down.</msg>
<msg timestamp="20220315 17:41:18.277" level="INFO">Sending key A</msg>
<msg timestamp="20220315 17:41:18.277" level="INFO">Pressing special key DELETE down.</msg>
<msg timestamp="20220315 17:41:18.278" level="INFO">Releasing special key CONTROL.</msg>
<msg timestamp="20220315 17:41:18.278" level="INFO">Releasing special key DELETE.</msg>
<status status="PASS" starttime="20220315 17:41:17.948" endtime="20220315 17:41:18.351"/>
</kw>
<kw name="Input Text" library="Selenium2Library">
<arg>${movement_threshold}</arg>
<arg>${value}</arg>
<doc>Types the given ``text`` into the text field identified by ``locator``.</doc>
<msg timestamp="20220315 17:41:18.351" level="INFO">Typing text '0.02' into text field 'id:unsupervisedtools_isodata_movement_threshold'.</msg>
<status status="PASS" starttime="20220315 17:41:18.351" endtime="20220315 17:41:18.633"/>
</kw>
<kw name="Press Keys" library="Selenium2Library">
<arg>None</arg>
<arg>TAB</arg>
<doc>Simulates the user pressing key(s) to an element or on the active browser.</doc>
<msg timestamp="20220315 17:41:18.634" level="INFO">Sending key(s) ('TAB',) to page.</msg>
<msg timestamp="20220315 17:41:18.634" level="INFO">Pressing special key TAB to browser.</msg>
<msg timestamp="20220315 17:41:18.634" level="INFO">Releasing special key TAB.</msg>
<status status="PASS" starttime="20220315 17:41:18.633" endtime="20220315 17:41:18.674"/>
</kw>
<status status="PASS" starttime="20220315 17:41:17.947" endtime="20220315 17:41:18.675"/>
</kw>
<kw name="Type Minimum Sample Threshold">
<arg>6</arg>
<kw name="Press Keys" library="Selenium2Library">
<arg>${minimum_sample_threshold}</arg>
<arg>CONTROL+A+DELETE</arg>
<doc>Simulates the user pressing key(s) to an element or on the active browser.</doc>
<msg timestamp="20220315 17:41:18.676" level="INFO">Sending key(s) ('CONTROL+A+DELETE',) to id:unsupervisedtools_isodata_minimum_sample_threshold element.</msg>
<msg timestamp="20220315 17:41:18.993" level="INFO">Pressing special key CONTROL down.</msg>
<msg timestamp="20220315 17:41:18.993" level="INFO">Sending key A</msg>
<msg timestamp="20220315 17:41:18.993" level="INFO">Pressing special key DELETE down.</msg>
<msg timestamp="20220315 17:41:18.993" level="INFO">Releasing special key CONTROL.</msg>
<msg timestamp="20220315 17:41:18.993" level="INFO">Releasing special key DELETE.</msg>
<status status="PASS" starttime="20220315 17:41:18.676" endtime="20220315 17:41:19.047"/>
</kw>
<kw name="Input Text" library="Selenium2Library">
<arg>${minimum_sample_threshold}</arg>
<arg>${value}</arg>
<doc>Types the given ``text`` into the text field identified by ``locator``.</doc>
<msg timestamp="20220315 17:41:19.047" level="INFO">Typing text '6' into text field 'id:unsupervisedtools_isodata_minimum_sample_threshold'.</msg>
<status status="PASS" starttime="20220315 17:41:19.047" endtime="20220315 17:41:19.230"/>
</kw>
<kw name="Press Keys" library="Selenium2Library">
<arg>None</arg>
<arg>TAB</arg>
<doc>Simulates the user pressing key(s) to an element or on the active browser.</doc>
<msg timestamp="20220315 17:41:19.231" level="INFO">Sending key(s) ('TAB',) to page.</msg>
<msg timestamp="20220315 17:41:19.231" level="INFO">Pressing special key TAB to browser.</msg>
<msg timestamp="20220315 17:41:19.231" level="INFO">Releasing special key TAB.</msg>
<status status="PASS" starttime="20220315 17:41:19.230" endtime="20220315 17:41:19.259"/>
</kw>
<status status="PASS" starttime="20220315 17:41:18.675" endtime="20220315 17:41:19.259"/>
</kw>
<kw name="Type Standard Deviation">
<arg>10</arg>
<kw name="Press Keys" library="Selenium2Library">
<arg>${standard_deviation}</arg>
<arg>CONTROL+A+DELETE</arg>
<doc>Simulates the user pressing key(s) to an element or on the active browser.</doc>
<msg timestamp="20220315 17:41:19.261" level="INFO">Sending key(s) ('CONTROL+A+DELETE',) to id:unsupervisedtools_isodata_standard_deviation element.</msg>
<msg timestamp="20220315 17:41:19.586" level="INFO">Pressing special key CONTROL down.</msg>
<msg timestamp="20220315 17:41:19.586" level="INFO">Sending key A</msg>
<msg timestamp="20220315 17:41:19.586" level="INFO">Pressing special key DELETE down.</msg>
<msg timestamp="20220315 17:41:19.586" level="INFO">Releasing special key CONTROL.</msg>
<msg timestamp="20220315 17:41:19.586" level="INFO">Releasing special key DELETE.</msg>
<status status="PASS" starttime="20220315 17:41:19.260" endtime="20220315 17:41:19.635"/>
</kw>
<kw name="Input Text" library="Selenium2Library">
<arg>${standard_deviation}</arg>
<arg>${value}</arg>
<doc>Types the given ``text`` into the text field identified by ``locator``.</doc>
<msg timestamp="20220315 17:41:19.636" level="INFO">Typing text '10' into text field 'id:unsupervisedtools_isodata_standard_deviation'.</msg>
<status status="PASS" starttime="20220315 17:41:19.636" endtime="20220315 17:41:19.880"/>
</kw>
<kw name="Press Keys" library="Selenium2Library">
<arg>None</arg>
<arg>TAB</arg>
<doc>Simulates the user pressing key(s) to an element or on the active browser.</doc>
<msg timestamp="20220315 17:41:19.881" level="INFO">Sending key(s) ('TAB',) to page.</msg>
<msg timestamp="20220315 17:41:19.881" level="INFO">Pressing special key TAB to browser.</msg>
<msg timestamp="20220315 17:41:19.881" level="INFO">Releasing special key TAB.</msg>
<status status="PASS" starttime="20220315 17:41:19.880" endtime="20220315 17:41:19.930"/>
</kw>
<status status="PASS" starttime="20220315 17:41:19.260" endtime="20220315 17:41:19.930"/>
</kw>
<kw name="Type Lumping Parameter">
<arg>2</arg>
<kw name="Press Keys" library="Selenium2Library">
<arg>${lumping_parameter}</arg>
<arg>CONTROL+A+DELETE</arg>
<doc>Simulates the user pressing key(s) to an element or on the active browser.</doc>
<msg timestamp="20220315 17:41:19.932" level="INFO">Sending key(s) ('CONTROL+A+DELETE',) to id:unsupervisedtools_isodata_lumping_parameter element.</msg>
<msg timestamp="20220315 17:41:20.248" level="INFO">Pressing special key CONTROL down.</msg>
<msg timestamp="20220315 17:41:20.248" level="INFO">Sending key A</msg>
<msg timestamp="20220315 17:41:20.248" level="INFO">Pressing special key DELETE down.</msg>
<msg timestamp="20220315 17:41:20.248" level="INFO">Releasing special key CONTROL.</msg>
<msg timestamp="20220315 17:41:20.248" level="INFO">Releasing special key DELETE.</msg>
<status status="PASS" starttime="20220315 17:41:19.931" endtime="20220315 17:41:20.303"/>
</kw>
<kw name="Input Text" library="Selenium2Library">
<arg>${lumping_parameter}</arg>
<arg>${value}</arg>
<doc>Types the given ``text`` into the text field identified by ``locator``.</doc>
<msg timestamp="20220315 17:41:20.304" level="INFO">Typing text '2' into text field 'id:unsupervisedtools_isodata_lumping_parameter'.</msg>
<status status="PASS" starttime="20220315 17:41:20.303" endtime="20220315 17:41:20.514"/>
</kw>
<kw name="Press Keys" library="Selenium2Library">
<arg>None</arg>
<arg>TAB</arg>
<doc>Simulates the user pressing key(s) to an element or on the active browser.</doc>
<msg timestamp="20220315 17:41:20.515" level="INFO">Sending key(s) ('TAB',) to page.</msg>
<msg timestamp="20220315 17:41:20.515" level="INFO">Pressing special key TAB to browser.</msg>
<msg timestamp="20220315 17:41:20.515" level="INFO">Releasing special key TAB.</msg>
<status status="PASS" starttime="20220315 17:41:20.515" endtime="20220315 17:41:20.550"/>
</kw>
<status status="PASS" starttime="20220315 17:41:19.930" endtime="20220315 17:41:20.551"/>
</kw>
<kw name="Type Maximum Number of Lumping Pairs">
<arg>5</arg>
<kw name="Press Keys" library="Selenium2Library">
<arg>${maximum_number_of_lumping_pairs}</arg>
<arg>CONTROL+A+DELETE</arg>
<doc>Simulates the user pressing key(s) to an element or on the active browser.</doc>
<msg timestamp="20220315 17:41:20.553" level="INFO">Sending key(s) ('CONTROL+A+DELETE',) to id:unsupervisedtools_isodata_maximum_number_of_lumping_pairs element.</msg>
<msg timestamp="20220315 17:41:20.879" level="INFO">Pressing special key CONTROL down.</msg>
<msg timestamp="20220315 17:41:20.879" level="INFO">Sending key A</msg>
<msg timestamp="20220315 17:41:20.879" level="INFO">Pressing special key DELETE down.</msg>
<msg timestamp="20220315 17:41:20.879" level="INFO">Releasing special key CONTROL.</msg>
<msg timestamp="20220315 17:41:20.879" level="INFO">Releasing special key DELETE.</msg>
<status status="PASS" starttime="20220315 17:41:20.552" endtime="20220315 17:41:20.933"/>
</kw>
<kw name="Input Text" library="Selenium2Library">
<arg>${maximum_number_of_lumping_pairs}</arg>
<arg>${value}</arg>
<doc>Types the given ``text`` into the text field identified by ``locator``.</doc>
<msg timestamp="20220315 17:41:20.934" level="INFO">Typing text '5' into text field 'id:unsupervisedtools_isodata_maximum_number_of_lumping_pairs'.</msg>
<status status="PASS" starttime="20220315 17:41:20.934" endtime="20220315 17:41:21.138"/>
</kw>
<kw name="Press Keys" library="Selenium2Library">
<arg>None</arg>
<arg>TAB</arg>
<doc>Simulates the user pressing key(s) to an element or on the active browser.</doc>
<msg timestamp="20220315 17:41:21.138" level="INFO">Sending key(s) ('TAB',) to page.</msg>
<msg timestamp="20220315 17:41:21.139" level="INFO">Pressing special key TAB to browser.</msg>
<msg timestamp="20220315 17:41:21.139" level="INFO">Releasing special key TAB.</msg>
<status status="PASS" starttime="20220315 17:41:21.138" endtime="20220315 17:41:21.177"/>
</kw>
<status status="PASS" starttime="20220315 17:41:20.551" endtime="20220315 17:41:21.177"/>
</kw>
<kw name="Type Background Gray Level Value">
<arg>1</arg>
<kw name="Input Text" library="Selenium2Library">
<arg>${background_gray_level_value}</arg>
<arg>${value}</arg>
<doc>Types the given ``text`` into the text field identified by ``locator``.</doc>
<msg timestamp="20220315 17:41:21.179" level="INFO">Typing text '1' into text field 'id:unsupervisedtools_isodata_background_gray_level_value'.</msg>
<status status="PASS" starttime="20220315 17:41:21.178" endtime="20220315 17:41:21.409"/>
</kw>
<status status="PASS" starttime="20220315 17:41:21.178" endtime="20220315 17:41:21.409"/>
</kw>
<kw name="Click Submit Button" library="Pages">
<kw name="Click Button" library="Selenium2Library">
<arg>${confirm_button}</arg>
<doc>Clicks the button identified by ``locator``.</doc>
<msg timestamp="20220315 17:41:21.411" level="INFO">Clicking button 'id:unsupervisedTools_confirmButton'.</msg>
<status status="PASS" starttime="20220315 17:41:21.411" endtime="20220315 17:41:21.565"/>
</kw>
<status status="PASS" starttime="20220315 17:41:21.410" endtime="20220315 17:41:21.566"/>
</kw>
<kw name="Check Success Notification" library="Pages">
<kw name="Wait Until Element Is Visible" library="Selenium2Library">
<arg>${notification_success}</arg>
<doc>Waits until the element ``locator`` is visible.</doc>
<status status="PASS" starttime="20220315 17:41:21.566" endtime="20220315 17:41:22.043"/>
</kw>
<kw name="Get Text" library="Selenium2Library">
<var>${notification}</var>
<arg>${notification_success}</arg>
<doc>Returns the text value of the element identified by ``locator``.</doc>
<msg timestamp="20220315 17:41:22.078" level="INFO">${notification} = Task 29456: Isodata Image Task Created Successful</msg>
<status status="PASS" starttime="20220315 17:41:22.043" endtime="20220315 17:41:22.078"/>
</kw>
<kw name="Should Contain" library="BuiltIn">
<arg>${notification}</arg>
<arg>${SUCCESS_NOTIFICATION}</arg>
<doc>Fails if ``container`` does not contain ``item`` one or more times.</doc>
<status status="PASS" starttime="20220315 17:41:22.078" endtime="20220315 17:41:22.078"/>
</kw>
<status status="PASS" starttime="20220315 17:41:21.566" endtime="20220315 17:41:22.079"/>
</kw>
<kw name="Close Browser" library="Selenium2Library" type="TEARDOWN">
<doc>Closes the current browser.</doc>
<status status="PASS" starttime="20220315 17:41:22.079" endtime="20220315 17:41:24.349"/>
</kw>
<status status="PASS" starttime="20220315 17:40:55.703" endtime="20220315 17:41:24.351"/>
</test>
<doc>Test Isodata tool.</doc>
<status status="PASS" starttime="20220315 17:40:55.329" endtime="20220315 17:41:24.353"/>
</suite>
<statistics>
<total>
<stat pass="1" fail="0" skip="0">All Tests</stat>
</total>
<tag>
</tag>
<suite>
<stat pass="1" fail="0" skip="0" id="s1" name="3-Isodata">3-Isodata</stat>
</suite>
</statistics>
<errors>
</errors>
</robot>
