<?xml version="1.0" encoding="UTF-8"?>
<robot generator="Robot 4.1.3 (Python 3.9.5 on win32)" generated="20220303 15:49:38.210" rpa="false" schemaversion="2">
<suite id="s1" name="1-Buffer" source="C:\Users\skymap\Desktop\Robotframework-EOFactory\Vector\TestCases\1-Buffer.robot">
<test id="s1-t1" name="BufferTool">
<kw name="Login To Page And Open Workspace">
<msg timestamp="20220303 15:49:38.257" level="FAIL">No keyword with name 'Login To Page And Open Workspace' found.</msg>
<status status="FAIL" starttime="20220303 15:49:38.257" endtime="20220303 15:49:38.257"/>
</kw>
<kw name="Click Vector Menu">
<status status="NOT RUN" starttime="20220303 15:49:38.257" endtime="20220303 15:49:38.257"/>
</kw>
<kw name="Click Vector Toolkit">
<status status="NOT RUN" starttime="20220303 15:49:38.257" endtime="20220303 15:49:38.257"/>
</kw>
<kw name="Select Tool">
<arg>${buffer}</arg>
<status status="NOT RUN" starttime="20220303 15:49:38.257" endtime="20220303 15:49:38.257"/>
</kw>
<kw name="Type Name">
<arg>${name}</arg>
<status status="NOT RUN" starttime="20220303 15:49:38.257" endtime="20220303 15:49:38.257"/>
</kw>
<kw name="Select Vector">
<arg>buffer</arg>
<arg>${search}</arg>
<arg>${vector}</arg>
<status status="NOT RUN" starttime="20220303 15:49:38.257" endtime="20220303 15:49:38.257"/>
</kw>
<kw name="Type Distance_Resolution_Quadsegs">
<arg>80</arg>
<arg>10</arg>
<arg>10</arg>
<status status="NOT RUN" starttime="20220303 15:49:38.257" endtime="20220303 15:49:38.257"/>
</kw>
<kw name="Select Cap Style">
<arg>Square</arg>
<status status="NOT RUN" starttime="20220303 15:49:38.257" endtime="20220303 15:49:38.257"/>
</kw>
<kw name="Select Join Style">
<arg>Mitre</arg>
<status status="NOT RUN" starttime="20220303 15:49:38.257" endtime="20220303 15:49:38.257"/>
</kw>
<kw name="Type Mitre Limit">
<arg>3</arg>
<status status="NOT RUN" starttime="20220303 15:49:38.257" endtime="20220303 15:49:38.257"/>
</kw>
<kw name="Click Submit Button">
<status status="NOT RUN" starttime="20220303 15:49:38.273" endtime="20220303 15:49:38.273"/>
</kw>
<kw name="Close Browser" type="TEARDOWN">
<msg timestamp="20220303 15:49:38.273" level="FAIL">No keyword with name 'Close Browser' found.</msg>
<status status="FAIL" starttime="20220303 15:49:38.273" endtime="20220303 15:49:38.273">No keyword with name 'Close Browser' found.</status>
</kw>
<status status="FAIL" starttime="20220303 15:49:38.242" endtime="20220303 15:49:38.273">No keyword with name 'Login To Page And Open Workspace' found.

Also teardown failed:
No keyword with name 'Close Browser' found.</status>
</test>
<doc>Test Buffer tool.</doc>
<status status="FAIL" starttime="20220303 15:49:38.210" endtime="20220303 15:49:38.273"/>
</suite>
<statistics>
<total>
<stat pass="0" fail="1" skip="0">All Tests</stat>
</total>
<tag>
</tag>
<suite>
<stat pass="0" fail="1" skip="0" id="s1" name="1-Buffer">1-Buffer</stat>
</suite>
</statistics>
<errors>
<msg timestamp="20220303 15:49:38.242" level="ERROR">Error in file 'C:\Users\skymap\Desktop\Robotframework-EOFactory\Vector\TestCases\1-Buffer.robot' on line 3: Resource file 'Login.robot' does not exist.</msg>
<msg timestamp="20220303 15:49:38.242" level="ERROR">Error in file 'C:\Users\skymap\Desktop\Robotframework-EOFactory\Vector\TestCases\1-Buffer.robot' on line 4: Resource file 'Vector\PageObject\Page.robot' does not exist.</msg>
</errors>
</robot>
